[ 2025-11-17 20:18:33,259] 17 root INFO - ====================Data Ingestion log started.==================== 
[ 2025-11-17 20:18:42,267] 28 root INFO - Data shape from database: (10000, 51)
[ 2025-11-17 20:18:42,610] 36 root INFO - Feature store file created at: artifacts\data_ingestion\17_11_2025__20_18_33\feature_store\phisingdataset.csv
[ 2025-11-17 20:18:42,919] 45 root INFO - Train and test files created at: artifacts\data_ingestion\17_11_2025__20_18_33\ingested\train.csv and artifacts\data_ingestion\17_11_2025__20_18_33\ingested\test.csv
[ 2025-11-17 20:18:42,920] 20 root INFO - Data ingestion completed successfully. Train file: artifacts\data_ingestion\17_11_2025__20_18_33\ingested\train.csv, Test file: artifacts\data_ingestion\17_11_2025__20_18_33\ingested\test.csv
[ 2025-11-17 20:18:42,922] 16 root INFO - ====================Data Validation log started.==================== 
[ 2025-11-17 20:18:42,975] 112 root INFO - Read train and test data completed
[ 2025-11-17 20:18:42,982] 35 root INFO - Expected number of columns: 50
[ 2025-11-17 20:18:42,982] 36 root INFO - Train data columns: 50, Test data columns: 50
[ 2025-11-17 20:18:42,982] 39 root INFO - Number of columns validation successful
[ 2025-11-17 20:18:42,989] 52 root INFO - Numerical columns from schema: ['URL_LENGTH', 'NUM_SPECIAL_CHARACTERS', 'NUM_SUBDOMAINS', 'DOMAIN_AGE', 'WHOIS_EXPIRATION', 'NUM_REDIRECTIONS', 'NUM_SUSPICIOUS_WORDS', 'HTML_LENGTH', 'NUM_IFRAMES', 'NUM_EXTERNAL_LINKS', 'LINKS_IN_SCRIPT_TAG', 'WEBSITE_TRAFFIC', 'DOMAIN_POPULARITY', 'PAGE_RANK', 'PctNullSelfRedirectHyperlinks', 'FrequentDomainNameMismatch', 'FakeLinkInStatusBar', 'RightClickDisabled', 'PopUpWindow', 'SubmitInfoToEmail', 'IframeOrFrame', 'MissingTitle', 'ImagesOnlyInForm', 'SubdomainLevelRT', 'UrlLengthRT', 'PctExtResourceUrlsRT', 'AbnormalExtFormActionR', 'ExtMetaScriptLinkRT', 'PctExtNullSelfRedirectHyperlinksRT', 'SpellingErrorsRT']
[ 2025-11-17 20:18:42,991] 57 root INFO - Numerical columns in train data: ['id', 'NumDots', 'SubdomainLevel', 'PathLevel', 'UrlLength', 'NumDash', 'NumDashInHostname', 'AtSymbol', 'TildeSymbol', 'NumUnderscore', 'NumPercent', 'NumQueryComponents', 'NumAmpersand', 'NumHash', 'NumNumericChars', 'NoHttps', 'RandomString', 'IpAddress', 'DomainInSubdomains', 'DomainInPaths', 'HttpsInHostname', 'HostnameLength', 'PathLength', 'QueryLength', 'DoubleSlashInPath', 'NumSensitiveWords', 'EmbeddedBrandName', 'PctExtHyperlinks', 'PctExtResourceUrls', 'ExtFavicon', 'InsecureForms', 'RelativeFormAction', 'ExtFormAction', 'AbnormalFormAction', 'PctNullSelfRedirectHyperlinks', 'FrequentDomainNameMismatch', 'FakeLinkInStatusBar', 'RightClickDisabled', 'PopUpWindow', 'SubmitInfoToEmail', 'IframeOrFrame', 'MissingTitle', 'ImagesOnlyInForm', 'SubdomainLevelRT', 'UrlLengthRT', 'PctExtResourceUrlsRT', 'AbnormalExtFormActionR', 'ExtMetaScriptLinkRT', 'PctExtNullSelfRedirectHyperlinksRT', 'CLASS_LABEL']
[ 2025-11-17 20:18:42,991] 58 root INFO - Numerical columns in test data: ['id', 'NumDots', 'SubdomainLevel', 'PathLevel', 'UrlLength', 'NumDash', 'NumDashInHostname', 'AtSymbol', 'TildeSymbol', 'NumUnderscore', 'NumPercent', 'NumQueryComponents', 'NumAmpersand', 'NumHash', 'NumNumericChars', 'NoHttps', 'RandomString', 'IpAddress', 'DomainInSubdomains', 'DomainInPaths', 'HttpsInHostname', 'HostnameLength', 'PathLength', 'QueryLength', 'DoubleSlashInPath', 'NumSensitiveWords', 'EmbeddedBrandName', 'PctExtHyperlinks', 'PctExtResourceUrls', 'ExtFavicon', 'InsecureForms', 'RelativeFormAction', 'ExtFormAction', 'AbnormalFormAction', 'PctNullSelfRedirectHyperlinks', 'FrequentDomainNameMismatch', 'FakeLinkInStatusBar', 'RightClickDisabled', 'PopUpWindow', 'SubmitInfoToEmail', 'IframeOrFrame', 'MissingTitle', 'ImagesOnlyInForm', 'SubdomainLevelRT', 'UrlLengthRT', 'PctExtResourceUrlsRT', 'AbnormalExtFormActionR', 'ExtMetaScriptLinkRT', 'PctExtNullSelfRedirectHyperlinksRT', 'CLASS_LABEL']
[ 2025-11-17 20:18:42,991] 64 root INFO - Numerical columns validation failed
[ 2025-11-17 20:18:43,146] 92 root INFO - Data drift validation completed
[ 2025-11-17 20:18:43,467] 122 root INFO - Valid train and test files are saved.
[ 2025-11-17 20:18:43,468] 24 root INFO - Data validation completed successfully. Status: {'column_statues': True, 'numerical_columns_status': False, 'drift_status': True}
[ 2025-11-17 20:18:43,468] 15 root INFO - ====================Data Transformation log started.==================== 
[ 2025-11-17 20:18:43,468] 23 root INFO - Reading validated train and test data
[ 2025-11-17 20:18:43,521] 27 root INFO - Splitting input features and target feature from train and test data
[ 2025-11-17 20:18:43,523] 34 root INFO - Applying KNN Imputer to handle missing values
