[ 2025-11-17 20:25:35,455] 17 root INFO - ====================Data Ingestion log started.==================== 
[ 2025-11-17 20:25:43,817] 28 root INFO - Data shape from database: (10000, 51)
[ 2025-11-17 20:25:44,157] 36 root INFO - Feature store file created at: artifacts\data_ingestion\17_11_2025__20_25_35\feature_store\phisingdataset.csv
[ 2025-11-17 20:25:44,517] 45 root INFO - Train and test files created at: artifacts\data_ingestion\17_11_2025__20_25_35\ingested\train.csv and artifacts\data_ingestion\17_11_2025__20_25_35\ingested\test.csv
[ 2025-11-17 20:25:44,518] 20 root INFO - Data ingestion completed successfully. Train file: artifacts\data_ingestion\17_11_2025__20_25_35\ingested\train.csv, Test file: artifacts\data_ingestion\17_11_2025__20_25_35\ingested\test.csv
[ 2025-11-17 20:25:44,521] 16 root INFO - ====================Data Validation log started.==================== 
[ 2025-11-17 20:25:44,575] 112 root INFO - Read train and test data completed
[ 2025-11-17 20:25:44,582] 35 root INFO - Expected number of columns: 50
[ 2025-11-17 20:25:44,582] 36 root INFO - Train data columns: 50, Test data columns: 50
[ 2025-11-17 20:25:44,583] 39 root INFO - Number of columns validation successful
[ 2025-11-17 20:25:44,589] 52 root INFO - Numerical columns from schema: ['URL_LENGTH', 'NUM_SPECIAL_CHARACTERS', 'NUM_SUBDOMAINS', 'DOMAIN_AGE', 'WHOIS_EXPIRATION', 'NUM_REDIRECTIONS', 'NUM_SUSPICIOUS_WORDS', 'HTML_LENGTH', 'NUM_IFRAMES', 'NUM_EXTERNAL_LINKS', 'LINKS_IN_SCRIPT_TAG', 'WEBSITE_TRAFFIC', 'DOMAIN_POPULARITY', 'PAGE_RANK', 'PctNullSelfRedirectHyperlinks', 'FrequentDomainNameMismatch', 'FakeLinkInStatusBar', 'RightClickDisabled', 'PopUpWindow', 'SubmitInfoToEmail', 'IframeOrFrame', 'MissingTitle', 'ImagesOnlyInForm', 'SubdomainLevelRT', 'UrlLengthRT', 'PctExtResourceUrlsRT', 'AbnormalExtFormActionR', 'ExtMetaScriptLinkRT', 'PctExtNullSelfRedirectHyperlinksRT', 'SpellingErrorsRT']
[ 2025-11-17 20:25:44,592] 57 root INFO - Numerical columns in train data: ['id', 'NumDots', 'SubdomainLevel', 'PathLevel', 'UrlLength', 'NumDash', 'NumDashInHostname', 'AtSymbol', 'TildeSymbol', 'NumUnderscore', 'NumPercent', 'NumQueryComponents', 'NumAmpersand', 'NumHash', 'NumNumericChars', 'NoHttps', 'RandomString', 'IpAddress', 'DomainInSubdomains', 'DomainInPaths', 'HttpsInHostname', 'HostnameLength', 'PathLength', 'QueryLength', 'DoubleSlashInPath', 'NumSensitiveWords', 'EmbeddedBrandName', 'PctExtHyperlinks', 'PctExtResourceUrls', 'ExtFavicon', 'InsecureForms', 'RelativeFormAction', 'ExtFormAction', 'AbnormalFormAction', 'PctNullSelfRedirectHyperlinks', 'FrequentDomainNameMismatch', 'FakeLinkInStatusBar', 'RightClickDisabled', 'PopUpWindow', 'SubmitInfoToEmail', 'IframeOrFrame', 'MissingTitle', 'ImagesOnlyInForm', 'SubdomainLevelRT', 'UrlLengthRT', 'PctExtResourceUrlsRT', 'AbnormalExtFormActionR', 'ExtMetaScriptLinkRT', 'PctExtNullSelfRedirectHyperlinksRT', 'CLASS_LABEL']
[ 2025-11-17 20:25:44,592] 58 root INFO - Numerical columns in test data: ['id', 'NumDots', 'SubdomainLevel', 'PathLevel', 'UrlLength', 'NumDash', 'NumDashInHostname', 'AtSymbol', 'TildeSymbol', 'NumUnderscore', 'NumPercent', 'NumQueryComponents', 'NumAmpersand', 'NumHash', 'NumNumericChars', 'NoHttps', 'RandomString', 'IpAddress', 'DomainInSubdomains', 'DomainInPaths', 'HttpsInHostname', 'HostnameLength', 'PathLength', 'QueryLength', 'DoubleSlashInPath', 'NumSensitiveWords', 'EmbeddedBrandName', 'PctExtHyperlinks', 'PctExtResourceUrls', 'ExtFavicon', 'InsecureForms', 'RelativeFormAction', 'ExtFormAction', 'AbnormalFormAction', 'PctNullSelfRedirectHyperlinks', 'FrequentDomainNameMismatch', 'FakeLinkInStatusBar', 'RightClickDisabled', 'PopUpWindow', 'SubmitInfoToEmail', 'IframeOrFrame', 'MissingTitle', 'ImagesOnlyInForm', 'SubdomainLevelRT', 'UrlLengthRT', 'PctExtResourceUrlsRT', 'AbnormalExtFormActionR', 'ExtMetaScriptLinkRT', 'PctExtNullSelfRedirectHyperlinksRT', 'CLASS_LABEL']
[ 2025-11-17 20:25:44,592] 64 root INFO - Numerical columns validation failed
[ 2025-11-17 20:25:44,756] 92 root INFO - Data drift validation completed
[ 2025-11-17 20:25:45,338] 122 root INFO - Valid train and test files are saved.
[ 2025-11-17 20:25:45,338] 24 root INFO - Data validation completed successfully. Status: {'column_statues': True, 'numerical_columns_status': False, 'drift_status': True}
[ 2025-11-17 20:25:45,339] 15 root INFO - ====================Data Transformation log started.==================== 
[ 2025-11-17 20:25:45,339] 23 root INFO - Reading validated train and test data
[ 2025-11-17 20:25:45,392] 27 root INFO - Splitting input features and target feature from train and test data
[ 2025-11-17 20:25:45,394] 34 root INFO - Applying KNN Imputer to handle missing values
[ 2025-11-17 20:25:45,403] 40 root INFO - Combining input features and target feature into single numpy array for train and test data
[ 2025-11-17 20:25:45,404] 44 root INFO - Saving transformed train and test data to specified file paths
[ 2025-11-17 20:25:45,410] 50 root INFO - Saving transformation object to specified file path
[ 2025-11-17 20:25:45,413] 58 root INFO - Data Transformation artifact: DataTransformationArtifact(transformed_object_file_path='artifacts\\data_transformation\\transformed_object\\transformed_object.pkl', transformed_train_file_path='artifacts\\data_transformation\\transformed_data\\train.npy', transformed_test_file_path='artifacts\\data_transformation\\transformed_data\\test.npy')
[ 2025-11-17 20:25:45,415] 29 root INFO - Data transformation completed successfully. Artifact: DataTransformationArtifact(transformed_object_file_path='artifacts\\data_transformation\\transformed_object\\transformed_object.pkl', transformed_train_file_path='artifacts\\data_transformation\\transformed_data\\train.npy', transformed_test_file_path='artifacts\\data_transformation\\transformed_data\\test.npy')
